app/build/intermediates/manifest_merge_blame_file/debug/manifest-merger-blame-debug-report.txt
1<?xml version="1.0" encoding="utf-8"?>
2<manifest xmlns:android="http://schemas.android.com/apk/res/android"
3    package="com.google.mlkit.samples.codescanner"
4    android:versionCode="1"
5    android:versionName="1.0" >
6
7    <uses-sdk
8        android:minSdkVersion="23"
8-->src\main\AndroidManifest.xml
9        android:targetSdkVersion="32" />
9-->src\main\AndroidManifest.xml
10
11    <uses-permission android:name="android.permission.ACCESS_NETWORK_STATE" />
11-->src\main\AndroidManifest.xml:6:3-76
11-->src\main\AndroidManifest.xml:6:20-74
12    <uses-permission android:name="android.permission.INTERNET" />
12-->src\main\AndroidManifest.xml:7:3-64
12-->src\main\AndroidManifest.xml:7:20-62
13
14    <application
14-->src\main\AndroidManifest.xml:9:3-29:17
15        android:appComponentFactory="androidx.core.app.CoreComponentFactory"
15-->[androidx.core:core:1.5.0] AndroidManifest.xml:24:18-86
16        android:debuggable="true"
17        android:extractNativeLibs="false"
18        android:icon="@drawable/logo_mlkit"
18-->src\main\AndroidManifest.xml:10:7-42
19        android:label="@string/app_name"
19-->src\main\AndroidManifest.xml:11:7-39
20        android:taskAffinity=""
20-->src\main\AndroidManifest.xml:12:7-30
21        android:testOnly="true"
22        android:theme="@style/AppTheme" >
22-->src\main\AndroidManifest.xml:13:7-38
23        <meta-data
23-->src\main\AndroidManifest.xml:15:5-17:37
24            android:name="com.google.mlkit.vision.DEPENDENCIES"
24-->src\main\AndroidManifest.xml:16:9-60
25            android:value="barcode_ui" />
25-->src\main\AndroidManifest.xml:17:9-35
26
27        <activity
27-->src\main\AndroidManifest.xml:19:5-26:16
28            android:name="com.google.mlkit.samples.codescanner.kotlin.MainActivity"
28-->src\main\AndroidManifest.xml:20:9-44
29            android:exported="true" >
29-->src\main\AndroidManifest.xml:21:9-32
30            <intent-filter>
30-->src\main\AndroidManifest.xml:22:7-25:23
31                <action android:name="android.intent.action.MAIN" />
31-->src\main\AndroidManifest.xml:23:9-61
31-->src\main\AndroidManifest.xml:23:17-58
32
33                <category android:name="android.intent.category.LAUNCHER" />
33-->src\main\AndroidManifest.xml:24:9-69
33-->src\main\AndroidManifest.xml:24:19-66
34            </intent-filter>
35        </activity>
36
37        <!--
38        This activity is an invisible delegate activity to start scanner activity
39        and receive result, so it's unnecessary to support screen orientation and
40        we can avoid any side effect from activity recreation in any case.
41        -->
42        <activity
42-->[com.google.android.gms:play-services-code-scanner:16.0.0-beta1] AndroidManifest.xml:15:9-20:20
43            android:name="com.google.mlkit.vision.codescanner.internal.GmsBarcodeScanningDelegateActivity"
43-->[com.google.android.gms:play-services-code-scanner:16.0.0-beta1] AndroidManifest.xml:16:13-107
44            android:exported="false"
44-->[com.google.android.gms:play-services-code-scanner:16.0.0-beta1] AndroidManifest.xml:17:13-37
45            android:screenOrientation="portrait" >
45-->[com.google.android.gms:play-services-code-scanner:16.0.0-beta1] AndroidManifest.xml:18:13-49
46        </activity>
47
48        <service
48-->[com.google.android.gms:play-services-mlkit-barcode-scanning:18.0.0] AndroidManifest.xml:9:9-15:19
49            android:name="com.google.mlkit.common.internal.MlKitComponentDiscoveryService"
49-->[com.google.android.gms:play-services-mlkit-barcode-scanning:18.0.0] AndroidManifest.xml:10:13-91
50            android:directBootAware="true"
50-->[com.google.mlkit:common:18.3.0] AndroidManifest.xml:17:13-43
51            android:exported="false" >
51-->[com.google.android.gms:play-services-mlkit-barcode-scanning:18.0.0] AndroidManifest.xml:11:13-37
52            <meta-data
52-->[com.google.android.gms:play-services-mlkit-barcode-scanning:18.0.0] AndroidManifest.xml:12:13-14:85
53                android:name="com.google.firebase.components:com.google.mlkit.vision.barcode.internal.BarcodeRegistrar"
53-->[com.google.android.gms:play-services-mlkit-barcode-scanning:18.0.0] AndroidManifest.xml:13:17-120
54                android:value="com.google.firebase.components.ComponentRegistrar" />
54-->[com.google.android.gms:play-services-mlkit-barcode-scanning:18.0.0] AndroidManifest.xml:14:17-82
55            <meta-data
55-->[com.google.mlkit:vision-common:17.0.0] AndroidManifest.xml:12:13-14:85
56                android:name="com.google.firebase.components:com.google.mlkit.vision.common.internal.VisionCommonRegistrar"
56-->[com.google.mlkit:vision-common:17.0.0] AndroidManifest.xml:13:17-124
57                android:value="com.google.firebase.components.ComponentRegistrar" />
57-->[com.google.mlkit:vision-common:17.0.0] AndroidManifest.xml:14:17-82
58            <meta-data
58-->[com.google.mlkit:common:18.3.0] AndroidManifest.xml:20:13-22:85
59                android:name="com.google.firebase.components:com.google.mlkit.common.internal.CommonComponentRegistrar"
59-->[com.google.mlkit:common:18.3.0] AndroidManifest.xml:21:17-120
60                android:value="com.google.firebase.components.ComponentRegistrar" />
60-->[com.google.mlkit:common:18.3.0] AndroidManifest.xml:22:17-82
61        </service>
62
63        <provider
63-->[com.google.mlkit:common:18.3.0] AndroidManifest.xml:9:9-13:38
64            android:name="com.google.mlkit.common.internal.MlKitInitProvider"
64-->[com.google.mlkit:common:18.3.0] AndroidManifest.xml:10:13-78
65            android:authorities="com.google.mlkit.samples.codescanner.mlkitinitprovider"
65-->[com.google.mlkit:common:18.3.0] AndroidManifest.xml:11:13-69
66            android:exported="false"
66-->[com.google.mlkit:common:18.3.0] AndroidManifest.xml:12:13-37
67            android:initOrder="99" />
67-->[com.google.mlkit:common:18.3.0] AndroidManifest.xml:13:13-35
68
69        <activity
69-->[com.google.android.gms:play-services-base:18.0.1] AndroidManifest.xml:20:9-22:45
70            android:name="com.google.android.gms.common.api.GoogleApiActivity"
70-->[com.google.android.gms:play-services-base:18.0.1] AndroidManifest.xml:20:19-85
71            android:exported="false"
71-->[com.google.android.gms:play-services-base:18.0.1] AndroidManifest.xml:22:19-43
72            android:theme="@android:style/Theme.Translucent.NoTitleBar" />
72-->[com.google.android.gms:play-services-base:18.0.1] AndroidManifest.xml:21:19-78
73
74        <meta-data
74-->[com.google.android.gms:play-services-basement:18.0.1] AndroidManifest.xml:21:9-23:69
75            android:name="com.google.android.gms.version"
75-->[com.google.android.gms:play-services-basement:18.0.1] AndroidManifest.xml:22:13-58
76            android:value="@integer/google_play_services_version" />
76-->[com.google.android.gms:play-services-basement:18.0.1] AndroidManifest.xml:23:13-66
77
78        <service
78-->[com.google.android.datatransport:transport-backend-cct:2.3.3] AndroidManifest.xml:29:9-35:19
79            android:name="com.google.android.datatransport.runtime.backends.TransportBackendDiscovery"
79-->[com.google.android.datatransport:transport-backend-cct:2.3.3] AndroidManifest.xml:30:13-103
80            android:exported="false" >
80-->[com.google.android.datatransport:transport-backend-cct:2.3.3] AndroidManifest.xml:31:13-37
81            <meta-data
81-->[com.google.android.datatransport:transport-backend-cct:2.3.3] AndroidManifest.xml:32:13-34:39
82                android:name="backend:com.google.android.datatransport.cct.CctBackendFactory"
82-->[com.google.android.datatransport:transport-backend-cct:2.3.3] AndroidManifest.xml:33:17-94
83                android:value="cct" />
83-->[com.google.android.datatransport:transport-backend-cct:2.3.3] AndroidManifest.xml:34:17-36
84        </service>
85        <service
85-->[com.google.android.datatransport:transport-runtime:2.2.6] AndroidManifest.xml:26:9-30:19
86            android:name="com.google.android.datatransport.runtime.scheduling.jobscheduling.JobInfoSchedulerService"
86-->[com.google.android.datatransport:transport-runtime:2.2.6] AndroidManifest.xml:27:13-117
87            android:exported="false"
87-->[com.google.android.datatransport:transport-runtime:2.2.6] AndroidManifest.xml:28:13-37
88            android:permission="android.permission.BIND_JOB_SERVICE" >
88-->[com.google.android.datatransport:transport-runtime:2.2.6] AndroidManifest.xml:29:13-69
89        </service>
90
91        <receiver
91-->[com.google.android.datatransport:transport-runtime:2.2.6] AndroidManifest.xml:32:9-34:40
92            android:name="com.google.android.datatransport.runtime.scheduling.jobscheduling.AlarmManagerSchedulerBroadcastReceiver"
92-->[com.google.android.datatransport:transport-runtime:2.2.6] AndroidManifest.xml:33:13-132
93            android:exported="false" />
93-->[com.google.android.datatransport:transport-runtime:2.2.6] AndroidManifest.xml:34:13-37
94
95        <provider
95-->[androidx.lifecycle:lifecycle-process:2.2.0] AndroidManifest.xml:25:9-29:43
96            android:name="androidx.lifecycle.ProcessLifecycleOwnerInitializer"
96-->[androidx.lifecycle:lifecycle-process:2.2.0] AndroidManifest.xml:26:13-79
97            android:authorities="com.google.mlkit.samples.codescanner.lifecycle-process"
97-->[androidx.lifecycle:lifecycle-process:2.2.0] AndroidManifest.xml:27:13-69
98            android:exported="false"
98-->[androidx.lifecycle:lifecycle-process:2.2.0] AndroidManifest.xml:28:13-37
99            android:multiprocess="true" />
99-->[androidx.lifecycle:lifecycle-process:2.2.0] AndroidManifest.xml:29:13-40
100    </application>
101
102</manifest>